<?xml version="1.0" encoding="UTF-8"?>
<testsuite xmlns:xsi="http://www.w3.org/2001/XMLSchema-instance" xsi:noNamespaceSchemaLocation="https://maven.apache.org/surefire/maven-surefire-plugin/xsd/surefire-test-report-3.0.xsd" version="3.0" name="TestSuite" time="31.416" tests="1" errors="0" skipped="0" failures="0">
  <properties>
[...]
</properties>
  <testcase name="m" classname="Stepdefinition.Amazondefinition" time="0.002">
    <system-out><![CDATA[05-30-2022 14:34:40 Amazondefinition.java INFO  [main] Stepdefinition.Amazondefinition 34 - -----Started executing the methods----
05-30-2022 14:34:40 Amazondefinition.java DEBUG [main] Stepdefinition.Amazondefinition 35 - -----Debug Started executing the methods----
05-30-2022 14:34:42 Amazonpage.java INFO  [main] pages.Amazonpage 63 - Entered phonenum
05-30-2022 14:34:43 Amazonpage.java INFO  [main] pages.Amazonpage 66 - Entered password
05-30-2022 14:34:44 Amazonpage.java INFO  [main] pages.Amazonpage 68 - clicked on signinbutton
05-30-2022 14:34:44 Amazonpage.java INFO  [main] pages.Amazonpage 70 - logged in successfully
05-30-2022 14:34:44 Amazondefinition.java INFO  [main] Stepdefinition.Amazondefinition 39 - Successfully executed-----
05-30-2022 14:34:44 Amazonpage.java DEBUG [main] pages.Amazonpage 73 - clicked on gift ideas
05-30-2022 14:34:58 _Log4jLoggerFactory.java DEBUG [main] freemarker.cache 45 - Couldn't find template in cache for "spark/spark.spa.ftl"("en_IN", UTF-8, parsed); will try to load it.
05-30-2022 14:34:58 _Log4jLoggerFactory.java DEBUG [main] freemarker.cache 45 - TemplateLoader.findTemplateSource("spark/spark.spa_en_IN.ftl"): Not found
05-30-2022 14:34:58 _Log4jLoggerFactory.java DEBUG [main] freemarker.cache 45 - TemplateLoader.findTemplateSource("spark/spark.spa_en.ftl"): Not found
05-30-2022 14:34:58 _Log4jLoggerFactory.java DEBUG [main] freemarker.cache 45 - TemplateLoader.findTemplateSource("spark/spark.spa.ftl"): Found
05-30-2022 14:34:58 _Log4jLoggerFactory.java DEBUG [main] freemarker.cache 45 - Loading template for "spark/spark.spa.ftl"("en_IN", UTF-8, parsed) from "jar:file:/C:/Users/krishnaveni.B/.m2/repository/com/aventstack/extentreports/5.0.9/extentreports-5.0.9.jar!/com/aventstack/extentreports/templates/spark/spark.spa.ftl"
05-30-2022 14:34:58 _Log4jLoggerFactory.java DEBUG [main] freemarker.cache 45 - Couldn't find template in cache for "commons/commons-variables.ftl"("en_IN", UTF-8, parsed); will try to load it.
05-30-2022 14:34:58 _Log4jLoggerFactory.java DEBUG [main] freemarker.cache 45 - TemplateLoader.findTemplateSource("commons/commons-variables_en_IN.ftl"): Not found
05-30-2022 14:34:58 _Log4jLoggerFactory.java DEBUG [main] freemarker.cache 45 - TemplateLoader.findTemplateSource("commons/commons-variables_en.ftl"): Not found
05-30-2022 14:34:58 _Log4jLoggerFactory.java DEBUG [main] freemarker.cache 45 - TemplateLoader.findTemplateSource("commons/commons-variables.ftl"): Found
05-30-2022 14:34:58 _Log4jLoggerFactory.java DEBUG [main] freemarker.cache 45 - Loading template for "commons/commons-variables.ftl"("en_IN", UTF-8, parsed) from "jar:file:/C:/Users/krishnaveni.B/.m2/repository/com/aventstack/extentreports/5.0.9/extentreports-5.0.9.jar!/com/aventstack/extentreports/templates/commons/commons-variables.ftl"
05-30-2022 14:34:58 _Log4jLoggerFactory.java DEBUG [main] freemarker.cache 45 - Couldn't find template in cache for "commons/commons-macros.ftl"("en_IN", UTF-8, parsed); will try to load it.
05-30-2022 14:34:58 _Log4jLoggerFactory.java DEBUG [main] freemarker.cache 45 - TemplateLoader.findTemplateSource("commons/commons-macros_en_IN.ftl"): Not found
05-30-2022 14:34:58 _Log4jLoggerFactory.java DEBUG [main] freemarker.cache 45 - TemplateLoader.findTemplateSource("commons/commons-macros_en.ftl"): Not found
05-30-2022 14:34:58 _Log4jLoggerFactory.java DEBUG [main] freemarker.cache 45 - TemplateLoader.findTemplateSource("commons/commons-macros.ftl"): Found
05-30-2022 14:34:58 _Log4jLoggerFactory.java DEBUG [main] freemarker.cache 45 - Loading template for "commons/commons-macros.ftl"("en_IN", UTF-8, parsed) from "jar:file:/C:/Users/krishnaveni.B/.m2/repository/com/aventstack/extentreports/5.0.9/extentreports-5.0.9.jar!/com/aventstack/extentreports/templates/commons/commons-macros.ftl"
05-30-2022 14:34:58 _Log4jLoggerFactory.java DEBUG [main] freemarker.cache 45 - Couldn't find template in cache for "spark/macros/attributes.ftl"("en_IN", UTF-8, parsed); will try to load it.
05-30-2022 14:34:58 _Log4jLoggerFactory.java DEBUG [main] freemarker.cache 45 - TemplateLoader.findTemplateSource("spark/macros/attributes_en_IN.ftl"): Not found
05-30-2022 14:34:58 _Log4jLoggerFactory.java DEBUG [main] freemarker.cache 45 - TemplateLoader.findTemplateSource("spark/macros/attributes_en.ftl"): Not found
05-30-2022 14:34:58 _Log4jLoggerFactory.java DEBUG [main] freemarker.cache 45 - TemplateLoader.findTemplateSource("spark/macros/attributes.ftl"): Found
05-30-2022 14:34:58 _Log4jLoggerFactory.java DEBUG [main] freemarker.cache 45 - Loading template for "spark/macros/attributes.ftl"("en_IN", UTF-8, parsed) from "jar:file:/C:/Users/krishnaveni.B/.m2/repository/com/aventstack/extentreports/5.0.9/extentreports-5.0.9.jar!/com/aventstack/extentreports/templates/spark/macros/attributes.ftl"
05-30-2022 14:34:58 _Log4jLoggerFactory.java DEBUG [main] freemarker.cache 45 - Couldn't find template in cache for "spark/macros/log.ftl"("en_IN", UTF-8, parsed); will try to load it.
05-30-2022 14:34:58 _Log4jLoggerFactory.java DEBUG [main] freemarker.cache 45 - TemplateLoader.findTemplateSource("spark/macros/log_en_IN.ftl"): Not found
05-30-2022 14:34:58 _Log4jLoggerFactory.java DEBUG [main] freemarker.cache 45 - TemplateLoader.findTemplateSource("spark/macros/log_en.ftl"): Not found
05-30-2022 14:34:58 _Log4jLoggerFactory.java DEBUG [main] freemarker.cache 45 - TemplateLoader.findTemplateSource("spark/macros/log.ftl"): Found
05-30-2022 14:34:58 _Log4jLoggerFactory.java DEBUG [main] freemarker.cache 45 - Loading template for "spark/macros/log.ftl"("en_IN", UTF-8, parsed) from "jar:file:/C:/Users/krishnaveni.B/.m2/repository/com/aventstack/extentreports/5.0.9/extentreports-5.0.9.jar!/com/aventstack/extentreports/templates/spark/macros/log.ftl"
05-30-2022 14:34:58 _Log4jLoggerFactory.java DEBUG [main] freemarker.cache 45 - Couldn't find template in cache for "spark/macros/recurse_nodes.ftl"("en_IN", UTF-8, parsed); will try to load it.
05-30-2022 14:34:58 _Log4jLoggerFactory.java DEBUG [main] freemarker.cache 45 - TemplateLoader.findTemplateSource("spark/macros/recurse_nodes_en_IN.ftl"): Not found
05-30-2022 14:34:58 _Log4jLoggerFactory.java DEBUG [main] freemarker.cache 45 - TemplateLoader.findTemplateSource("spark/macros/recurse_nodes_en.ftl"): Not found
05-30-2022 14:34:58 _Log4jLoggerFactory.java DEBUG [main] freemarker.cache 45 - TemplateLoader.findTemplateSource("spark/macros/recurse_nodes.ftl"): Found
05-30-2022 14:34:58 _Log4jLoggerFactory.java DEBUG [main] freemarker.cache 45 - Loading template for "spark/macros/recurse_nodes.ftl"("en_IN", UTF-8, parsed) from "jar:file:/C:/Users/krishnaveni.B/.m2/repository/com/aventstack/extentreports/5.0.9/extentreports-5.0.9.jar!/com/aventstack/extentreports/templates/spark/macros/recurse_nodes.ftl"
05-30-2022 14:34:58 _Log4jLoggerFactory.java DEBUG [main] freemarker.cache 45 - "spark/macros/log.ftl"("en_IN", UTF-8, parsed) cached copy not yet stale; using cached.
05-30-2022 14:34:58 _Log4jLoggerFactory.java DEBUG [main] freemarker.cache 45 - Couldn't find template in cache for "spark/macros/attr-common.ftl"("en_IN", UTF-8, parsed); will try to load it.
05-30-2022 14:34:58 _Log4jLoggerFactory.java DEBUG [main] freemarker.cache 45 - TemplateLoader.findTemplateSource("spark/macros/attr-common_en_IN.ftl"): Not found
05-30-2022 14:34:58 _Log4jLoggerFactory.java DEBUG [main] freemarker.cache 45 - TemplateLoader.findTemplateSource("spark/macros/attr-common_en.ftl"): Not found
05-30-2022 14:34:58 _Log4jLoggerFactory.java DEBUG [main] freemarker.cache 45 - TemplateLoader.findTemplateSource("spark/macros/attr-common.ftl"): Found
05-30-2022 14:34:58 _Log4jLoggerFactory.java DEBUG [main] freemarker.cache 45 - Loading template for "spark/macros/attr-common.ftl"("en_IN", UTF-8, parsed) from "jar:file:/C:/Users/krishnaveni.B/.m2/repository/com/aventstack/extentreports/5.0.9/extentreports-5.0.9.jar!/com/aventstack/extentreports/templates/spark/macros/attr-common.ftl"
05-30-2022 14:34:58 _Log4jLoggerFactory.java DEBUG [main] freemarker.cache 45 - Couldn't find template in cache for "spark/partials/head.ftl"("en_IN", UTF-8, parsed); will try to load it.
05-30-2022 14:34:58 _Log4jLoggerFactory.java DEBUG [main] freemarker.cache 45 - TemplateLoader.findTemplateSource("spark/partials/head_en_IN.ftl"): Not found
05-30-2022 14:34:58 _Log4jLoggerFactory.java DEBUG [main] freemarker.cache 45 - TemplateLoader.findTemplateSource("spark/partials/head_en.ftl"): Not found
05-30-2022 14:34:58 _Log4jLoggerFactory.java DEBUG [main] freemarker.cache 45 - TemplateLoader.findTemplateSource("spark/partials/head.ftl"): Found
05-30-2022 14:34:58 _Log4jLoggerFactory.java DEBUG [main] freemarker.cache 45 - Loading template for "spark/partials/head.ftl"("en_IN", UTF-8, parsed) from "jar:file:/C:/Users/krishnaveni.B/.m2/repository/com/aventstack/extentreports/5.0.9/extentreports-5.0.9.jar!/com/aventstack/extentreports/templates/spark/partials/head.ftl"
05-30-2022 14:34:58 _Log4jLoggerFactory.java DEBUG [main] freemarker.cache 45 - Couldn't find template in cache for "commons/commons-inject-css.ftl"("en_IN", UTF-8, parsed); will try to load it.
05-30-2022 14:34:58 _Log4jLoggerFactory.java DEBUG [main] freemarker.cache 45 - TemplateLoader.findTemplateSource("commons/commons-inject-css_en_IN.ftl"): Not found
05-30-2022 14:34:58 _Log4jLoggerFactory.java DEBUG [main] freemarker.cache 45 - TemplateLoader.findTemplateSource("commons/commons-inject-css_en.ftl"): Not found
05-30-2022 14:34:58 _Log4jLoggerFactory.java DEBUG [main] freemarker.cache 45 - TemplateLoader.findTemplateSource("commons/commons-inject-css.ftl"): Found
05-30-2022 14:34:58 _Log4jLoggerFactory.java DEBUG [main] freemarker.cache 45 - Loading template for "commons/commons-inject-css.ftl"("en_IN", UTF-8, parsed) from "jar:file:/C:/Users/krishnaveni.B/.m2/repository/com/aventstack/extentreports/5.0.9/extentreports-5.0.9.jar!/com/aventstack/extentreports/templates/commons/commons-inject-css.ftl"
05-30-2022 14:34:58 _Log4jLoggerFactory.java DEBUG [main] freemarker.cache 45 - Couldn't find template in cache for "spark/partials/navbar.ftl"("en_IN", UTF-8, parsed); will try to load it.
05-30-2022 14:34:58 _Log4jLoggerFactory.java DEBUG [main] freemarker.cache 45 - TemplateLoader.findTemplateSource("spark/partials/navbar_en_IN.ftl"): Not found
05-30-2022 14:34:58 _Log4jLoggerFactory.java DEBUG [main] freemarker.cache 45 - TemplateLoader.findTemplateSource("spark/partials/navbar_en.ftl"): Not found
05-30-2022 14:34:58 _Log4jLoggerFactory.java DEBUG [main] freemarker.cache 45 - TemplateLoader.findTemplateSource("spark/partials/navbar.ftl"): Found
05-30-2022 14:34:58 _Log4jLoggerFactory.java DEBUG [main] freemarker.cache 45 - Loading template for "spark/partials/navbar.ftl"("en_IN", UTF-8, parsed) from "jar:file:/C:/Users/krishnaveni.B/.m2/repository/com/aventstack/extentreports/5.0.9/extentreports-5.0.9.jar!/com/aventstack/extentreports/templates/spark/partials/navbar.ftl"
05-30-2022 14:34:58 _Log4jLoggerFactory.java DEBUG [main] freemarker.cache 45 - Couldn't find template in cache for "spark/partials/sidenav.ftl"("en_IN", UTF-8, parsed); will try to load it.
05-30-2022 14:34:58 _Log4jLoggerFactory.java DEBUG [main] freemarker.cache 45 - TemplateLoader.findTemplateSource("spark/partials/sidenav_en_IN.ftl"): Not found
05-30-2022 14:34:58 _Log4jLoggerFactory.java DEBUG [main] freemarker.cache 45 - TemplateLoader.findTemplateSource("spark/partials/sidenav_en.ftl"): Not found
05-30-2022 14:34:58 _Log4jLoggerFactory.java DEBUG [main] freemarker.cache 45 - TemplateLoader.findTemplateSource("spark/partials/sidenav.ftl"): Found
05-30-2022 14:34:58 _Log4jLoggerFactory.java DEBUG [main] freemarker.cache 45 - Loading template for "spark/partials/sidenav.ftl"("en_IN", UTF-8, parsed) from "jar:file:/C:/Users/krishnaveni.B/.m2/repository/com/aventstack/extentreports/5.0.9/extentreports-5.0.9.jar!/com/aventstack/extentreports/templates/spark/partials/sidenav.ftl"
05-30-2022 14:34:58 _Log4jLoggerFactory.java DEBUG [main] freemarker.cache 45 - Couldn't find template in cache for "spark/partials/test.ftl"("en_IN", UTF-8, parsed); will try to load it.
05-30-2022 14:34:58 _Log4jLoggerFactory.java DEBUG [main] freemarker.cache 45 - TemplateLoader.findTemplateSource("spark/partials/test_en_IN.ftl"): Not found
05-30-2022 14:34:58 _Log4jLoggerFactory.java DEBUG [main] freemarker.cache 45 - TemplateLoader.findTemplateSource("spark/partials/test_en.ftl"): Not found
05-30-2022 14:34:58 _Log4jLoggerFactory.java DEBUG [main] freemarker.cache 45 - TemplateLoader.findTemplateSource("spark/partials/test.ftl"): Found
05-30-2022 14:34:58 _Log4jLoggerFactory.java DEBUG [main] freemarker.cache 45 - Loading template for "spark/partials/test.ftl"("en_IN", UTF-8, parsed) from "jar:file:/C:/Users/krishnaveni.B/.m2/repository/com/aventstack/extentreports/5.0.9/extentreports-5.0.9.jar!/com/aventstack/extentreports/templates/spark/partials/test.ftl"
05-30-2022 14:34:58 _Log4jLoggerFactory.java DEBUG [main] freemarker.cache 45 - Couldn't find template in cache for "spark/partials/standard-content.ftl"("en_IN", UTF-8, parsed); will try to load it.
05-30-2022 14:34:58 _Log4jLoggerFactory.java DEBUG [main] freemarker.cache 45 - TemplateLoader.findTemplateSource("spark/partials/standard-content_en_IN.ftl"): Not found
05-30-2022 14:34:58 _Log4jLoggerFactory.java DEBUG [main] freemarker.cache 45 - TemplateLoader.findTemplateSource("spark/partials/standard-content_en.ftl"): Not found
05-30-2022 14:34:58 _Log4jLoggerFactory.java DEBUG [main] freemarker.cache 45 - TemplateLoader.findTemplateSource("spark/partials/standard-content.ftl"): Found
05-30-2022 14:34:58 _Log4jLoggerFactory.java DEBUG [main] freemarker.cache 45 - Loading template for "spark/partials/standard-content.ftl"("en_IN", UTF-8, parsed) from "jar:file:/C:/Users/krishnaveni.B/.m2/repository/com/aventstack/extentreports/5.0.9/extentreports-5.0.9.jar!/com/aventstack/extentreports/templates/spark/partials/standard-content.ftl"
05-30-2022 14:34:58 _Log4jLoggerFactory.java DEBUG [main] freemarker.cache 45 - Couldn't find template in cache for "spark/partials/exception.ftl"("en_IN", UTF-8, parsed); will try to load it.
05-30-2022 14:34:58 _Log4jLoggerFactory.java DEBUG [main] freemarker.cache 45 - TemplateLoader.findTemplateSource("spark/partials/exception_en_IN.ftl"): Not found
05-30-2022 14:34:58 _Log4jLoggerFactory.java DEBUG [main] freemarker.cache 45 - TemplateLoader.findTemplateSource("spark/partials/exception_en.ftl"): Not found
05-30-2022 14:34:58 _Log4jLoggerFactory.java DEBUG [main] freemarker.cache 45 - TemplateLoader.findTemplateSource("spark/partials/exception.ftl"): Found
05-30-2022 14:34:58 _Log4jLoggerFactory.java DEBUG [main] freemarker.cache 45 - Loading template for "spark/partials/exception.ftl"("en_IN", UTF-8, parsed) from "jar:file:/C:/Users/krishnaveni.B/.m2/repository/com/aventstack/extentreports/5.0.9/extentreports-5.0.9.jar!/com/aventstack/extentreports/templates/spark/partials/exception.ftl"
05-30-2022 14:34:58 _Log4jLoggerFactory.java DEBUG [main] freemarker.cache 45 - Couldn't find template in cache for "spark/partials/category.ftl"("en_IN", UTF-8, parsed); will try to load it.
05-30-2022 14:34:58 _Log4jLoggerFactory.java DEBUG [main] freemarker.cache 45 - TemplateLoader.findTemplateSource("spark/partials/category_en_IN.ftl"): Not found
05-30-2022 14:34:58 _Log4jLoggerFactory.java DEBUG [main] freemarker.cache 45 - TemplateLoader.findTemplateSource("spark/partials/category_en.ftl"): Not found
05-30-2022 14:34:58 _Log4jLoggerFactory.java DEBUG [main] freemarker.cache 45 - TemplateLoader.findTemplateSource("spark/partials/category.ftl"): Found
05-30-2022 14:34:58 _Log4jLoggerFactory.java DEBUG [main] freemarker.cache 45 - Loading template for "spark/partials/category.ftl"("en_IN", UTF-8, parsed) from "jar:file:/C:/Users/krishnaveni.B/.m2/repository/com/aventstack/extentreports/5.0.9/extentreports-5.0.9.jar!/com/aventstack/extentreports/templates/spark/partials/category.ftl"
05-30-2022 14:34:58 _Log4jLoggerFactory.java DEBUG [main] freemarker.cache 45 - Couldn't find template in cache for "spark/partials/device.ftl"("en_IN", UTF-8, parsed); will try to load it.
05-30-2022 14:34:58 _Log4jLoggerFactory.java DEBUG [main] freemarker.cache 45 - TemplateLoader.findTemplateSource("spark/partials/device_en_IN.ftl"): Not found
05-30-2022 14:34:58 _Log4jLoggerFactory.java DEBUG [main] freemarker.cache 45 - TemplateLoader.findTemplateSource("spark/partials/device_en.ftl"): Not found
05-30-2022 14:34:58 _Log4jLoggerFactory.java DEBUG [main] freemarker.cache 45 - TemplateLoader.findTemplateSource("spark/partials/device.ftl"): Found
05-30-2022 14:34:58 _Log4jLoggerFactory.java DEBUG [main] freemarker.cache 45 - Loading template for "spark/partials/device.ftl"("en_IN", UTF-8, parsed) from "jar:file:/C:/Users/krishnaveni.B/.m2/repository/com/aventstack/extentreports/5.0.9/extentreports-5.0.9.jar!/com/aventstack/extentreports/templates/spark/partials/device.ftl"
05-30-2022 14:34:58 _Log4jLoggerFactory.java DEBUG [main] freemarker.cache 45 - Couldn't find template in cache for "spark/partials/author.ftl"("en_IN", UTF-8, parsed); will try to load it.
05-30-2022 14:34:58 _Log4jLoggerFactory.java DEBUG [main] freemarker.cache 45 - TemplateLoader.findTemplateSource("spark/partials/author_en_IN.ftl"): Not found
05-30-2022 14:34:58 _Log4jLoggerFactory.java DEBUG [main] freemarker.cache 45 - TemplateLoader.findTemplateSource("spark/partials/author_en.ftl"): Not found
05-30-2022 14:34:58 _Log4jLoggerFactory.java DEBUG [main] freemarker.cache 45 - TemplateLoader.findTemplateSource("spark/partials/author.ftl"): Found
05-30-2022 14:34:58 _Log4jLoggerFactory.java DEBUG [main] freemarker.cache 45 - Loading template for "spark/partials/author.ftl"("en_IN", UTF-8, parsed) from "jar:file:/C:/Users/krishnaveni.B/.m2/repository/com/aventstack/extentreports/5.0.9/extentreports-5.0.9.jar!/com/aventstack/extentreports/templates/spark/partials/author.ftl"
05-30-2022 14:34:58 _Log4jLoggerFactory.java DEBUG [main] freemarker.cache 45 - Couldn't find template in cache for "spark/partials/log.ftl"("en_IN", UTF-8, parsed); will try to load it.
05-30-2022 14:34:58 _Log4jLoggerFactory.java DEBUG [main] freemarker.cache 45 - TemplateLoader.findTemplateSource("spark/partials/log_en_IN.ftl"): Not found
05-30-2022 14:34:58 _Log4jLoggerFactory.java DEBUG [main] freemarker.cache 45 - TemplateLoader.findTemplateSource("spark/partials/log_en.ftl"): Not found
05-30-2022 14:34:58 _Log4jLoggerFactory.java DEBUG [main] freemarker.cache 45 - TemplateLoader.findTemplateSource("spark/partials/log.ftl"): Found
05-30-2022 14:34:58 _Log4jLoggerFactory.java DEBUG [main] freemarker.cache 45 - Loading template for "spark/partials/log.ftl"("en_IN", UTF-8, parsed) from "jar:file:/C:/Users/krishnaveni.B/.m2/repository/com/aventstack/extentreports/5.0.9/extentreports-5.0.9.jar!/com/aventstack/extentreports/templates/spark/partials/log.ftl"
05-30-2022 14:34:58 _Log4jLoggerFactory.java DEBUG [main] freemarker.cache 45 - Couldn't find template in cache for "spark/partials/dashboard.ftl"("en_IN", UTF-8, parsed); will try to load it.
05-30-2022 14:34:58 _Log4jLoggerFactory.java DEBUG [main] freemarker.cache 45 - TemplateLoader.findTemplateSource("spark/partials/dashboard_en_IN.ftl"): Not found
05-30-2022 14:34:58 _Log4jLoggerFactory.java DEBUG [main] freemarker.cache 45 - TemplateLoader.findTemplateSource("spark/partials/dashboard_en.ftl"): Not found
05-30-2022 14:34:58 _Log4jLoggerFactory.java DEBUG [main] freemarker.cache 45 - TemplateLoader.findTemplateSource("spark/partials/dashboard.ftl"): Found
05-30-2022 14:34:58 _Log4jLoggerFactory.java DEBUG [main] freemarker.cache 45 - Loading template for "spark/partials/dashboard.ftl"("en_IN", UTF-8, parsed) from "jar:file:/C:/Users/krishnaveni.B/.m2/repository/com/aventstack/extentreports/5.0.9/extentreports-5.0.9.jar!/com/aventstack/extentreports/templates/spark/partials/dashboard.ftl"
05-30-2022 14:34:58 _Log4jLoggerFactory.java DEBUG [main] freemarker.cache 45 - Couldn't find template in cache for "spark/partials/scripts.ftl"("en_IN", UTF-8, parsed); will try to load it.
05-30-2022 14:34:58 _Log4jLoggerFactory.java DEBUG [main] freemarker.cache 45 - TemplateLoader.findTemplateSource("spark/partials/scripts_en_IN.ftl"): Not found
05-30-2022 14:34:58 _Log4jLoggerFactory.java DEBUG [main] freemarker.cache 45 - TemplateLoader.findTemplateSource("spark/partials/scripts_en.ftl"): Not found
05-30-2022 14:34:58 _Log4jLoggerFactory.java DEBUG [main] freemarker.cache 45 - TemplateLoader.findTemplateSource("spark/partials/scripts.ftl"): Found
05-30-2022 14:34:58 _Log4jLoggerFactory.java DEBUG [main] freemarker.cache 45 - Loading template for "spark/partials/scripts.ftl"("en_IN", UTF-8, parsed) from "jar:file:/C:/Users/krishnaveni.B/.m2/repository/com/aventstack/extentreports/5.0.9/extentreports-5.0.9.jar!/com/aventstack/extentreports/templates/spark/partials/scripts.ftl"
05-30-2022 14:34:58 _Log4jLoggerFactory.java DEBUG [main] freemarker.cache 45 - Couldn't find template in cache for "commons/commons-inject-js.ftl"("en_IN", UTF-8, parsed); will try to load it.
05-30-2022 14:34:58 _Log4jLoggerFactory.java DEBUG [main] freemarker.cache 45 - TemplateLoader.findTemplateSource("commons/commons-inject-js_en_IN.ftl"): Not found
05-30-2022 14:34:58 _Log4jLoggerFactory.java DEBUG [main] freemarker.cache 45 - TemplateLoader.findTemplateSource("commons/commons-inject-js_en.ftl"): Not found
05-30-2022 14:34:58 _Log4jLoggerFactory.java DEBUG [main] freemarker.cache 45 - TemplateLoader.findTemplateSource("commons/commons-inject-js.ftl"): Found
05-30-2022 14:34:58 _Log4jLoggerFactory.java DEBUG [main] freemarker.cache 45 - Loading template for "commons/commons-inject-js.ftl"("en_IN", UTF-8, parsed) from "jar:file:/C:/Users/krishnaveni.B/.m2/repository/com/aventstack/extentreports/5.0.9/extentreports-5.0.9.jar!/com/aventstack/extentreports/templates/commons/commons-inject-js.ftl"
05-30-2022 14:35:05 Amazondefinition.java INFO  [main] Stepdefinition.Amazondefinition 47 - -----2nd testcase----
]]></system-out>
    <system-err><![CDATA[SLF4J: Failed to load class "org.slf4j.impl.StaticLoggerBinder".
SLF4J: Defaulting to no-operation (NOP) logger implementation
SLF4J: See http://www.slf4j.org/codes.html#StaticLoggerBinder for further details.
ERROR StatusLogger Log4j2 could not find a logging implementation. Please add log4j-core to the classpath. Using SimpleLogger to log to the console...
Starting ChromeDriver 101.0.4951.41 (93c720db8323b3ec10d056025ab95c23a31997c9-refs/branch-heads/4951@{#904}) on port 61700
Only local connections are allowed.
Please see https://chromedriver.chromium.org/security-considerations for suggestions on keeping ChromeDriver safe.
ChromeDriver was started successfully.
May 30, 2022 2:34:38 PM org.openqa.selenium.remote.ProtocolHandshake createSession
INFO: Detected dialect: W3C
May 30, 2022 2:34:38 PM org.openqa.selenium.devtools.CdpVersionFinder findNearestMatch
INFO: Found exact CDP implementation for version 101
Starting ChromeDriver 101.0.4951.41 (93c720db8323b3ec10d056025ab95c23a31997c9-refs/branch-heads/4951@{#904}) on port 64265
Only local connections are allowed.
Please see https://chromedriver.chromium.org/security-considerations for suggestions on keeping ChromeDriver safe.
ChromeDriver was started successfully.
May 30, 2022 2:35:00 PM org.openqa.selenium.remote.ProtocolHandshake createSession
INFO: Detected dialect: W3C
May 30, 2022 2:35:00 PM org.openqa.selenium.devtools.CdpVersionFinder findNearestMatch
INFO: Found exact CDP implementation for version 101
]]></system-err>
  </testcase>
</testsuite>